Что-то не так в парсерах
Каптча
Что-то не так в парсерах
Каптча
Что-то не так в парсерах
Каптча
Что-то не так в загрузчиках!
Unexpected end of file from server
Что-то не так в парсерах
Каптча
Что-то не так в парсерах
Каптча
Что-то не так в парсерах
Каптча
Что-то не так в парсерах
Каптча
Что-то не так в парсерах
Каптча
Что-то не так в загрузчиках!
Read timed out
Что-то не так в парсерах
Каптча
Что-то не так в загрузчиках!
Read timed out
Что-то не так в парсерах
Каптча
Что-то не так в парсерах
Каптча
Что-то не так в парсерах
Каптча
Что-то не так в парсерах
Каптча
Что-то не так в парсерах
Каптча
Что-то не так в парсерах
Каптча
Что-то не так в парсерах
Каптча
Что-то не так в парсерах
Каптча
Что-то не так в загрузчиках!
Unexpected end of file from server
Что-то не так в парсерах
Каптча
Что-то не так в загрузчиках!
Read timed out
Что-то не так в загрузчиках!
Read timed out
Что-то не так в парсерах
Каптча
Что-то не так в парсерах
Каптча
Что-то не так в парсерах
Каптча
Что-то не так в парсерах
Каптча
Что-то не так в парсерах
Каптча
Что-то не так в парсерах
Каптча
Что-то не так в парсерах
Каптча
Что-то не так в парсерах
Каптча
Что-то не так в загрузчиках!
Unexpected end of file from server
Exception in thread "Loader-0" org.jsoup.UncheckedIOException: java.net.SocketTimeoutException: Read timeout
	at org.jsoup.parser.CharacterReader.bufferUp(CharacterReader.java:60)
	at org.jsoup.parser.CharacterReader.current(CharacterReader.java:85)
	at org.jsoup.parser.TokeniserState.readData(TokeniserState.java:1669)
	at org.jsoup.parser.TokeniserState.access$200(TokeniserState.java:8)
	at org.jsoup.parser.TokeniserState$6.read(TokeniserState.java:76)
	at org.jsoup.parser.Tokeniser.read(Tokeniser.java:45)
	at org.jsoup.parser.TreeBuilder.runParser(TreeBuilder.java:51)
	at org.jsoup.parser.TreeBuilder.parse(TreeBuilder.java:45)
	at org.jsoup.parser.Parser.parseInput(Parser.java:39)
	at org.jsoup.helper.DataUtil.parseInputStream(DataUtil.java:151)
	at org.jsoup.helper.HttpConnection$Response.parse(HttpConnection.java:832)
	at org.jsoup.helper.HttpConnection.get(HttpConnection.java:289)
	at xyz.myfur.Controllers.Workers.Loader.method(Loader.java:24)
	at xyz.myfur.Controllers.Workers.Worker.run(Worker.java:39)
Caused by: java.net.SocketTimeoutException: Read timeout
	at org.jsoup.internal.ConstrainableInputStream.read(ConstrainableInputStream.java:58)
	at sun.nio.cs.StreamDecoder.readBytes(StreamDecoder.java:284)
	at sun.nio.cs.StreamDecoder.implRead(StreamDecoder.java:326)
	at sun.nio.cs.StreamDecoder.read(StreamDecoder.java:178)
	at java.io.InputStreamReader.read(InputStreamReader.java:184)
	at java.io.BufferedReader.fill(BufferedReader.java:161)
	at java.io.BufferedReader.read1(BufferedReader.java:212)
	at java.io.BufferedReader.read(BufferedReader.java:286)
	at java.io.Reader.read(Reader.java:140)
	at org.jsoup.parser.CharacterReader.bufferUp(CharacterReader.java:54)
	... 13 more
Что-то не так в парсерах
Каптча
Что-то не так в загрузчиках!
Unexpected end of file from server
Что-то не так в парсерах
Каптча
Что-то не так в парсерах
Каптча
Что-то не так в парсерах
Каптча
Что-то не так в загрузчиках!
Unexpected end of file from server
Что-то не так в загрузчиках!
Read timed out
Что-то не так в загрузчиках!
Read timed out
Что-то не так в парсерах
Каптча
Что-то не так в парсерах
Каптча
Что-то не так в парсерах
Каптча
Что-то не так в парсерах
Каптча
Что-то не так в загрузчиках!
Read timed out
Что-то не так в парсерах
Каптча
Что-то не так в загрузчиках!
Read timed out
